     Time          X           Y           Z      L1_error        q0          q1          q2          q3         Phi        Theta        Psi       norm q - 1
  0.1000E-02  0.2600E-01  0.5791E-21 -0.5000E+03  0.1705E-12  0.9828E+00 -0.8589E-14 -0.1845E+00  0.2465E-13 -0.1646E-11 -0.2126E+02  0.4624E-11  0.0000E+00
  0.1000E+01  0.2600E+02 -0.5695E-06 -0.5000E+03  0.2693E-03  0.9828E+00  0.2673E-07 -0.1847E+00 -0.1431E-06  0.6482E-05 -0.2129E+02 -0.1790E-04 -0.2220E-15
  0.2000E+01  0.5201E+02 -0.8135E-06 -0.5000E+03  0.4216E-03  0.9828E+00 -0.4033E-08 -0.1848E+00 -0.1363E-06  0.2611E-05 -0.2130E+02 -0.1639E-04 -0.3331E-15
  0.3000E+01  0.7802E+02 -0.7158E-06 -0.5000E+03  0.1020E-03  0.9828E+00 -0.1764E-07 -0.1848E+00 -0.1378E-06  0.9982E-06 -0.2129E+02 -0.1625E-04 -0.5551E-15
  0.4000E+01  0.1040E+03 -0.4620E-06 -0.5000E+03  0.3519E-03  0.9828E+00 -0.3340E-07 -0.1847E+00 -0.1370E-06 -0.9246E-06 -0.2129E+02 -0.1580E-04  0.0000E+00
  0.5000E+01  0.1301E+03 -0.3145E-06 -0.5000E+03  0.7368E-03  0.9828E+00 -0.3033E-07 -0.1847E+00 -0.1368E-06 -0.5592E-06 -0.2129E+02 -0.1584E-04  0.2220E-15
  0.6000E+01  0.1561E+03 -0.2573E-06 -0.5000E+03  0.9973E-03  0.9828E+00 -0.2733E-07 -0.1847E+00 -0.1350E-06 -0.2359E-06 -0.2129E+02 -0.1570E-04 -0.3331E-15
  0.7000E+01  0.1821E+03 -0.2421E-06 -0.5000E+03  0.1148E-02  0.9828E+00 -0.2592E-07 -0.1847E+00 -0.1332E-06 -0.1067E-06 -0.2129E+02 -0.1552E-04  0.0000E+00
  0.8000E+01  0.2081E+03 -0.2445E-06 -0.5000E+03  0.1223E-02  0.9828E+00 -0.2505E-07 -0.1847E+00 -0.1319E-06 -0.3040E-07 -0.2129E+02 -0.1538E-04 -0.1110E-15
  0.9000E+01  0.2341E+03 -0.2521E-06 -0.5000E+03  0.1253E-02  0.9828E+00 -0.2460E-07 -0.1847E+00 -0.1312E-06  0.4938E-08 -0.2128E+02 -0.1529E-04  0.2220E-15
  0.1000E+02  0.2602E+03 -0.2593E-06 -0.5000E+03  0.1261E-02  0.9828E+00 -0.2445E-07 -0.1847E+00 -0.1307E-06  0.1389E-07 -0.2128E+02 -0.1525E-04 -0.4441E-15
  0.1100E+02  0.2862E+03 -0.2644E-06 -0.5000E+03  0.1260E-02  0.9828E+00 -0.2442E-07 -0.1847E+00 -0.1305E-06  0.1289E-07 -0.2128E+02 -0.1522E-04  0.8882E-15
  0.1200E+02  0.3122E+03 -0.2675E-06 -0.5000E+03  0.1256E-02  0.9828E+00 -0.2444E-07 -0.1847E+00 -0.1305E-06  0.9228E-08 -0.2128E+02 -0.1522E-04  0.6661E-15
  0.1300E+02  0.3382E+03 -0.2690E-06 -0.5000E+03  0.1252E-02  0.9828E+00 -0.2447E-07 -0.1847E+00 -0.1305E-06  0.5557E-08 -0.2128E+02 -0.1521E-04  0.0000E+00
  0.1400E+02  0.3642E+03 -0.2697E-06 -0.5000E+03  0.1249E-02  0.9828E+00 -0.2450E-07 -0.1847E+00 -0.1305E-06  0.2868E-08 -0.2128E+02 -0.1522E-04 -0.2220E-15
  0.1500E+02  0.3903E+03 -0.2699E-06 -0.5000E+03  0.1248E-02  0.9828E+00 -0.2451E-07 -0.1847E+00 -0.1305E-06  0.1237E-08 -0.2128E+02 -0.1522E-04 -0.1110E-15
  0.1600E+02  0.4163E+03 -0.2699E-06 -0.5000E+03  0.1247E-02  0.9828E+00 -0.2452E-07 -0.1847E+00 -0.1305E-06  0.3839E-09 -0.2128E+02 -0.1522E-04  0.0000E+00
  0.1700E+02  0.4423E+03 -0.2699E-06 -0.5000E+03  0.1247E-02  0.9828E+00 -0.2453E-07 -0.1847E+00 -0.1305E-06  0.7098E-11 -0.2128E+02 -0.1522E-04 -0.7772E-15
  0.1800E+02  0.4683E+03 -0.2698E-06 -0.5000E+03  0.1247E-02  0.9828E+00 -0.2453E-07 -0.1847E+00 -0.1305E-06 -0.1149E-09 -0.2128E+02 -0.1522E-04  0.0000E+00
  0.1900E+02  0.4943E+03 -0.2698E-06 -0.5000E+03  0.1247E-02  0.9828E+00 -0.2453E-07 -0.1847E+00 -0.1305E-06 -0.1222E-09 -0.2128E+02 -0.1522E-04 -0.1110E-15
  0.2000E+02  0.5204E+03 -0.2697E-06 -0.5000E+03  0.1247E-02  0.9828E+00 -0.2453E-07 -0.1847E+00 -0.1305E-06 -0.9104E-10 -0.2128E+02 -0.1522E-04  0.2220E-15
  0.2100E+02  0.5464E+03 -0.2697E-06 -0.5000E+03  0.1247E-02  0.9828E+00 -0.2453E-07 -0.1847E+00 -0.1305E-06 -0.5583E-10 -0.2128E+02 -0.1522E-04  0.2220E-15
  0.2200E+02  0.5724E+03 -0.2697E-06 -0.5000E+03  0.1247E-02  0.9828E+00 -0.2453E-07 -0.1847E+00 -0.1305E-06 -0.2904E-10 -0.2128E+02 -0.1522E-04 -0.3331E-15
  0.2300E+02  0.5984E+03 -0.2697E-06 -0.5000E+03  0.1247E-02  0.9828E+00 -0.2453E-07 -0.1847E+00 -0.1305E-06 -0.1201E-10 -0.2128E+02 -0.1522E-04 -0.2220E-15
  0.2400E+02  0.6244E+03 -0.2697E-06 -0.5000E+03  0.1247E-02  0.9828E+00 -0.2453E-07 -0.1847E+00 -0.1305E-06 -0.2748E-11 -0.2128E+02 -0.1522E-04  0.0000E+00
  0.2500E+02  0.6504E+03 -0.2697E-06 -0.5000E+03  0.1247E-02  0.9828E+00 -0.2453E-07 -0.1847E+00 -0.1305E-06  0.1601E-11 -0.2128E+02 -0.1522E-04 -0.2220E-15
  0.2600E+02  0.6765E+03 -0.2697E-06 -0.5000E+03  0.1247E-02  0.9828E+00 -0.2453E-07 -0.1847E+00 -0.1305E-06  0.2843E-11 -0.2128E+02 -0.1522E-04 -0.1110E-15
  0.2700E+02  0.7025E+03 -0.2697E-06 -0.5000E+03  0.1247E-02  0.9828E+00 -0.2453E-07 -0.1847E+00 -0.1305E-06  0.3462E-11 -0.2128E+02 -0.1522E-04  0.1554E-14
  0.2800E+02  0.7285E+03 -0.2697E-06 -0.5000E+03  0.1247E-02  0.9828E+00 -0.2453E-07 -0.1847E+00 -0.1305E-06  0.2937E-11 -0.2128E+02 -0.1522E-04 -0.1665E-14
  0.2900E+02  0.7545E+03 -0.4564E-03 -0.5000E+03  0.3374E-01  0.9828E+00 -0.1084E-01 -0.1846E+00 -0.7875E-03 -0.1292E+01 -0.2127E+02  0.1508E+00 -0.1101E-12
  0.3000E+02  0.7805E+03 -0.6662E+00 -0.4999E+03  0.8911E+00  0.9732E+00 -0.1520E+00 -0.1725E+00  0.9245E-02 -0.1849E+02 -0.1945E+02  0.4284E+01 -0.1543E-13
  0.3100E+02  0.8062E+03 -0.3854E+01 -0.4994E+03  0.1560E+01  0.9742E+00 -0.1481E+00 -0.1633E+00 -0.4813E-01 -0.1682E+02 -0.1941E+02 -0.2759E+01 -0.3575E-13
  0.3200E+02  0.8316E+03 -0.9871E+01 -0.4994E+03  0.1527E+01  0.9713E+00 -0.1399E+00 -0.1600E+00 -0.1067E+00 -0.1464E+02 -0.1992E+02 -0.9951E+01 -0.4341E-13
  0.3300E+02  0.8564E+03 -0.1837E+02 -0.4997E+03  0.1103E+01  0.9645E+00 -0.1355E+00 -0.1591E+00 -0.1616E+00 -0.1296E+02 -0.2053E+02 -0.1667E+02 -0.3464E-13
  0.3400E+02  0.8804E+03 -0.2883E+02 -0.4999E+03  0.9204E+00  0.9575E+00 -0.1419E+00 -0.1549E+00 -0.1977E+00 -0.1300E+02 -0.2066E+02 -0.2095E+02 -0.2198E-13
  0.3500E+02  0.9035E+03 -0.4114E+02 -0.4999E+03  0.9560E+00  0.9475E+00 -0.1579E+00 -0.1451E+00 -0.2370E+00 -0.1424E+02 -0.2048E+02 -0.2550E+02 -0.2220E-13
  0.3600E+02  0.9254E+03 -0.5543E+02 -0.4999E+03  0.9717E+00  0.9364E+00 -0.1619E+00 -0.1377E+00 -0.2791E+00 -0.1398E+02 -0.2039E+02 -0.3066E+02 -0.2054E-13
  0.3700E+02  0.9460E+03 -0.7156E+02 -0.4999E+03  0.9810E+00  0.9235E+00 -0.1676E+00 -0.1303E+00 -0.3196E+00 -0.1397E+02 -0.2036E+02 -0.3566E+02 -0.2065E-13
  0.3800E+02  0.9650E+03 -0.8941E+02 -0.4999E+03  0.9857E+00  0.9087E+00 -0.1729E+00 -0.1230E+00 -0.3595E+00 -0.1393E+02 -0.2036E+02 -0.4066E+02 -0.2087E-13
  0.3900E+02  0.9825E+03 -0.1088E+03 -0.4999E+03  0.9871E+00  0.8922E+00 -0.1779E+00 -0.1155E+00 -0.3987E+00 -0.1391E+02 -0.2037E+02 -0.4564E+02 -0.2043E-13
  0.4000E+02  0.9982E+03 -0.1297E+03 -0.4999E+03  0.9873E+00  0.8741E+00 -0.1827E+00 -0.1078E+00 -0.4370E+00 -0.1390E+02 -0.2038E+02 -0.5061E+02 -0.2054E-13
  0.4100E+02  0.1012E+04 -0.1518E+03 -0.4999E+03  0.9870E+00  0.8543E+00 -0.1872E+00 -0.9986E-01 -0.4745E+00 -0.1390E+02 -0.2038E+02 -0.5558E+02 -0.2043E-13
  0.4200E+02  0.1024E+04 -0.1751E+03 -0.4999E+03  0.9866E+00  0.8329E+00 -0.1914E+00 -0.9169E-01 -0.5111E+00 -0.1389E+02 -0.2039E+02 -0.6055E+02 -0.2054E-13
  0.4300E+02  0.1034E+04 -0.1993E+03 -0.4999E+03  0.9863E+00  0.8100E+00 -0.1952E+00 -0.8333E-01 -0.5467E+00 -0.1389E+02 -0.2039E+02 -0.6552E+02 -0.2010E-13
  0.4400E+02  0.1041E+04 -0.2242E+03 -0.4999E+03  0.9861E+00  0.7855E+00 -0.1986E+00 -0.7479E-01 -0.5813E+00 -0.1389E+02 -0.2039E+02 -0.7049E+02 -0.2021E-13
  0.4500E+02  0.1047E+04 -0.2498E+03 -0.4999E+03  0.9860E+00  0.7596E+00 -0.2017E+00 -0.6611E-01 -0.6148E+00 -0.1390E+02 -0.2039E+02 -0.7546E+02 -0.2065E-13
  0.4600E+02  0.1050E+04 -0.2757E+03 -0.4999E+03  0.9860E+00  0.7322E+00 -0.2044E+00 -0.5731E-01 -0.6471E+00 -0.1390E+02 -0.2039E+02 -0.8043E+02 -0.2054E-13
  0.4700E+02  0.1051E+04 -0.3017E+03 -0.4999E+03  0.9860E+00  0.7035E+00 -0.2066E+00 -0.4839E-01 -0.6783E+00 -0.1390E+02 -0.2039E+02 -0.8540E+02 -0.2076E-13
  0.4800E+02  0.1050E+04 -0.3278E+03 -0.4999E+03  0.9860E+00  0.6734E+00 -0.2086E+00 -0.3939E-01 -0.7081E+00 -0.1390E+02 -0.2039E+02 -0.9037E+02 -0.1998E-13
  0.4900E+02  0.1046E+04 -0.3537E+03 -0.4999E+03  0.9860E+00  0.6421E+00 -0.2101E+00 -0.3031E-01 -0.7367E+00 -0.1390E+02 -0.2039E+02 -0.9534E+02 -0.2054E-13
  0.5000E+02  0.1040E+04 -0.3791E+03 -0.4999E+03  0.9860E+00  0.6096E+00 -0.2112E+00 -0.2117E-01 -0.7638E+00 -0.1390E+02 -0.2039E+02 -0.1003E+03 -0.2065E-13
  0.5100E+02  0.1032E+04 -0.4040E+03 -0.4999E+03  0.9860E+00  0.5759E+00 -0.2119E+00 -0.1200E-01 -0.7895E+00 -0.1390E+02 -0.2039E+02 -0.1053E+03 -0.2021E-13
  0.5200E+02  0.1022E+04 -0.4280E+03 -0.4999E+03  0.9860E+00  0.5411E+00 -0.2122E+00 -0.2799E-02 -0.8137E+00 -0.1390E+02 -0.2039E+02 -0.1102E+03 -0.2076E-13
  0.5300E+02  0.1010E+04 -0.4512E+03 -0.4999E+03  0.9860E+00  0.5053E+00 -0.2121E+00  0.6404E-02 -0.8364E+00 -0.1390E+02 -0.2039E+02 -0.1152E+03 -0.2032E-13
  0.5400E+02  0.9962E+03 -0.4731E+03 -0.4999E+03  0.9860E+00  0.4686E+00 -0.2117E+00  0.1560E-01 -0.8576E+00 -0.1390E+02 -0.2039E+02 -0.1202E+03 -0.2054E-13
  0.5500E+02  0.9803E+03 -0.4938E+03 -0.4999E+03  0.9860E+00  0.4310E+00 -0.2108E+00  0.2476E-01 -0.8771E+00 -0.1390E+02 -0.2039E+02 -0.1252E+03 -0.2010E-13
  0.5600E+02  0.9626E+03 -0.5130E+03 -0.4999E+03  0.9860E+00  0.3925E+00 -0.2095E+00  0.3387E-01 -0.8949E+00 -0.1390E+02 -0.2039E+02 -0.1301E+03 -0.2021E-13
  0.5700E+02  0.9434E+03 -0.5306E+03 -0.4999E+03  0.9860E+00  0.3534E+00 -0.2079E+00  0.4292E-01 -0.9111E+00 -0.1390E+02 -0.2039E+02 -0.1351E+03 -0.2032E-13
  0.5800E+02  0.9227E+03 -0.5465E+03 -0.4999E+03  0.9860E+00  0.3135E+00 -0.2058E+00  0.5189E-01 -0.9256E+00 -0.1390E+02 -0.2039E+02 -0.1401E+03 -0.2076E-13
  0.5900E+02  0.9007E+03 -0.5606E+03 -0.4999E+03  0.9860E+00  0.2731E+00 -0.2034E+00  0.6077E-01 -0.9383E+00 -0.1390E+02 -0.2039E+02 -0.1450E+03 -0.2054E-13
  0.6000E+02  0.8775E+03 -0.5726E+03 -0.4999E+03  0.9860E+00  0.2322E+00 -0.2005E+00  0.6953E-01 -0.9492E+00 -0.1390E+02 -0.2039E+02 -0.1500E+03 -0.2021E-13
  0.6100E+02  0.8534E+03 -0.5827E+03 -0.4999E+03  0.9860E+00  0.1908E+00 -0.1973E+00  0.7815E-01 -0.9584E+00 -0.1390E+02 -0.2039E+02 -0.1550E+03 -0.2054E-13
  0.6200E+02  0.8286E+03 -0.5906E+03 -0.4999E+03  0.9860E+00  0.1491E+00 -0.1938E+00  0.8663E-01 -0.9658E+00 -0.1390E+02 -0.2039E+02 -0.1599E+03 -0.2043E-13
  0.6300E+02  0.8031E+03 -0.5963E+03 -0.4999E+03  0.9860E+00  0.1071E+00 -0.1898E+00  0.9495E-01 -0.9713E+00 -0.1390E+02 -0.2039E+02 -0.1649E+03 -0.2010E-13
  0.6400E+02  0.7772E+03 -0.5997E+03 -0.4999E+03  0.9860E+00  0.6486E-01 -0.1855E+00  0.1031E+00 -0.9751E+00 -0.1390E+02 -0.2039E+02 -0.1699E+03 -0.2043E-13
  0.6500E+02  0.7512E+03 -0.6010E+03 -0.4999E+03  0.9860E+00  0.2253E-01 -0.1809E+00  0.1110E+00 -0.9770E+00 -0.1390E+02 -0.2039E+02 -0.1748E+03 -0.2043E-13
  0.6600E+02  0.7251E+03 -0.6004E+03 -0.4999E+03  0.3823E+00 -0.2810E-01 -0.1851E+00 -0.3966E-01 -0.9815E+00  0.5432E+01 -0.2117E+02  0.1757E+03 -0.2474E-12
  0.6700E+02  0.6991E+03 -0.6002E+03 -0.4996E+03  0.4259E+00 -0.1704E-02 -0.1867E+00 -0.2082E-01 -0.9822E+00  0.2559E+01 -0.2151E+02  0.1793E+03 -0.2400E-12
  0.6800E+02  0.6730E+03 -0.6004E+03 -0.4996E+03  0.5480E+00  0.1865E-01 -0.1752E+00  0.7788E-02 -0.9843E+00 -0.1335E+01 -0.2016E+02 -0.1776E+03 -0.7949E-13
  0.6900E+02  0.6471E+03 -0.6003E+03 -0.4997E+03  0.4259E+00 -0.3940E-02 -0.1847E+00  0.3761E-02 -0.9828E+00 -0.3651E+00 -0.2129E+02  0.1796E+03 -0.1521E-13
  0.7000E+02  0.6211E+03 -0.6001E+03 -0.4999E+03  0.1255E+00 -0.7712E-02 -0.1851E+00 -0.9313E-02 -0.9826E+00  0.1301E+01 -0.2132E+02  0.1789E+03 -0.1654E-13
  0.7100E+02  0.5951E+03 -0.6000E+03 -0.5000E+03  0.3219E-01 -0.5895E-03 -0.1859E+00 -0.4727E-02 -0.9826E+00  0.5852E+00 -0.2143E+02  0.1798E+03 -0.2665E-14
  0.7200E+02  0.5691E+03 -0.6000E+03 -0.5000E+03  0.1144E-01  0.3908E-03 -0.1854E+00  0.9243E-03 -0.9827E+00 -0.1207E+00 -0.2137E+02 -0.1799E+03  0.0000E+00
  0.7300E+02  0.5431E+03 -0.6000E+03 -0.5000E+03  0.3841E-02 -0.2669E-04 -0.1850E+00  0.7209E-04 -0.9827E+00 -0.8107E-02 -0.2133E+02  0.1800E+03 -0.1110E-15
  0.7400E+02  0.5171E+03 -0.6000E+03 -0.5000E+03  0.1802E-03 -0.1606E-04 -0.1848E+00 -0.5455E-04 -0.9828E+00  0.6959E-02 -0.2130E+02  0.1800E+03 -0.1110E-15
  0.7500E+02  0.4911E+03 -0.6000E+03 -0.5000E+03  0.1316E-02  0.3079E-05 -0.1847E+00  0.3246E-05 -0.9828E+00 -0.4622E-03 -0.2129E+02 -0.1800E+03  0.2220E-15
  0.7600E+02  0.4650E+03 -0.6000E+03 -0.5000E+03  0.1768E-02  0.2642E-06 -0.1846E+00  0.2343E-05 -0.9828E+00 -0.2892E-03 -0.2128E+02 -0.1800E+03 -0.1110E-15
  0.7700E+02  0.4390E+03 -0.6000E+03 -0.5000E+03  0.1771E-02 -0.3403E-06 -0.1846E+00 -0.4111E-06 -0.9828E+00  0.5741E-04 -0.2128E+02  0.1800E+03  0.2220E-15
  0.7800E+02  0.4130E+03 -0.6000E+03 -0.5000E+03  0.1630E-02 -0.1247E-06 -0.1847E+00 -0.4431E-07 -0.9828E+00  0.8187E-05 -0.2128E+02  0.1800E+03 -0.1110E-15
  0.7900E+02  0.3870E+03 -0.6000E+03 -0.5000E+03  0.1482E-02 -0.1183E-06 -0.1847E+00  0.5110E-07 -0.9828E+00 -0.3488E-05 -0.2128E+02  0.1800E+03 -0.3331E-15
  0.8000E+02  0.3609E+03 -0.6000E+03 -0.5000E+03  0.1371E-02 -0.1300E-06 -0.1847E+00  0.2299E-07 -0.9828E+00  0.1738E-06 -0.2128E+02  0.1800E+03  0.4441E-15
  0.8100E+02  0.3349E+03 -0.6000E+03 -0.5000E+03  0.1302E-02 -0.1297E-06 -0.1847E+00  0.2240E-07 -0.9828E+00  0.2381E-06 -0.2128E+02  0.1800E+03  0.0000E+00
  0.8200E+02  0.3089E+03 -0.6000E+03 -0.5000E+03  0.1265E-02 -0.1298E-06 -0.1847E+00  0.2441E-07 -0.9828E+00 -0.2943E-08 -0.2128E+02  0.1800E+03 -0.4441E-15
  0.8300E+02  0.2829E+03 -0.6000E+03 -0.5000E+03  0.1248E-02 -0.1302E-06 -0.1847E+00  0.2450E-07 -0.9828E+00 -0.3717E-08 -0.2128E+02  0.1800E+03 -0.4441E-15
  0.8400E+02  0.2569E+03 -0.6000E+03 -0.5000E+03  0.1242E-02 -0.1304E-06 -0.1847E+00  0.2453E-07 -0.9828E+00 -0.2222E-08 -0.2128E+02  0.1800E+03  0.2220E-15
  0.8500E+02  0.2308E+03 -0.6000E+03 -0.5000E+03  0.1242E-02 -0.1305E-06 -0.1847E+00  0.2456E-07 -0.9828E+00 -0.4489E-08 -0.2128E+02  0.1800E+03  0.4441E-15
  0.8600E+02  0.2048E+03 -0.6000E+03 -0.5000E+03  0.1243E-02 -0.1306E-06 -0.1847E+00  0.2457E-07 -0.9828E+00 -0.4027E-08 -0.2128E+02  0.1800E+03  0.0000E+00
  0.8700E+02  0.1788E+03 -0.6000E+03 -0.5000E+03  0.1244E-02 -0.1306E-06 -0.1847E+00  0.2455E-07 -0.9828E+00 -0.2330E-08 -0.2128E+02  0.1800E+03 -0.1110E-15
  0.8800E+02  0.1528E+03 -0.6000E+03 -0.5000E+03  0.1245E-02 -0.1306E-06 -0.1847E+00  0.2455E-07 -0.9828E+00 -0.1413E-08 -0.2128E+02  0.1800E+03 -0.8882E-15
  0.8900E+02  0.1268E+03 -0.6000E+03 -0.5000E+03  0.1246E-02 -0.1306E-06 -0.1847E+00  0.2453E-07 -0.9828E+00  0.1488E-09 -0.2128E+02  0.1800E+03 -0.2220E-15
  0.9000E+02  0.1007E+03 -0.6000E+03 -0.5000E+03  0.1246E-02 -0.1305E-06 -0.1847E+00  0.2453E-07 -0.9828E+00 -0.1072E-09 -0.2128E+02  0.1800E+03 -0.8882E-15
  0.9100E+02  0.7472E+02 -0.6000E+03 -0.5000E+03  0.1247E-02 -0.1305E-06 -0.1847E+00  0.2453E-07 -0.9828E+00 -0.1613E-09 -0.2128E+02  0.1800E+03  0.2220E-15
  0.9200E+02  0.4870E+02 -0.6000E+03 -0.5000E+03  0.1247E-02 -0.1305E-06 -0.1847E+00  0.2453E-07 -0.9828E+00 -0.1401E-09 -0.2128E+02  0.1800E+03  0.0000E+00
  0.9300E+02  0.2268E+02 -0.6000E+03 -0.5000E+03  0.1247E-02 -0.1305E-06 -0.1847E+00  0.2453E-07 -0.9828E+00 -0.9420E-10 -0.2128E+02  0.1800E+03  0.2220E-15
  0.9400E+02 -0.3338E+01 -0.6000E+03 -0.5000E+03  0.1850E-01 -0.6414E-03 -0.1846E+00  0.6088E-02 -0.9828E+00 -0.7212E+00 -0.2128E+02 -0.1799E+03 -0.4929E-13
  0.9500E+02 -0.2934E+02 -0.5994E+03 -0.4999E+03  0.8501E+00  0.1078E-01 -0.1728E+00  0.1527E+00 -0.9730E+00 -0.1861E+02 -0.1945E+02 -0.1755E+03 -0.1199E-13
  0.9600E+02 -0.5505E+02 -0.5964E+03 -0.4994E+03  0.1547E+01 -0.4573E-01 -0.1640E+00  0.1472E+00 -0.9743E+00 -0.1676E+02 -0.1946E+02  0.1775E+03 -0.3930E-13
  0.9700E+02 -0.8047E+02 -0.5905E+03 -0.4994E+03  0.1540E+01 -0.1038E+00 -0.1600E+00  0.1396E+00 -0.9717E+00 -0.1466E+02 -0.1988E+02  0.1704E+03 -0.4374E-13
  0.9800E+02 -0.1053E+03 -0.5821E+03 -0.4997E+03  0.1122E+01 -0.1594E+00 -0.1589E+00  0.1368E+00 -0.9647E+00 -0.1317E+02 -0.2050E+02  0.1636E+03 -0.3497E-13
  0.9900E+02 -0.1294E+03 -0.5717E+03 -0.4999E+03  0.9206E+00 -0.1962E+00 -0.1555E+00  0.1405E+00 -0.9579E+00 -0.1286E+02 -0.2067E+02  0.1592E+03 -0.2165E-13
  0.1000E+03 -0.1525E+03 -0.5595E+03 -0.4999E+03  0.9546E+00 -0.2351E+00 -0.1455E+00  0.1577E+00 -0.9480E+00 -0.1425E+02 -0.2049E+02  0.1547E+03 -0.2209E-13
  0.1010E+03 -0.1744E+03 -0.5453E+03 -0.4999E+03  0.9712E+00 -0.2772E+00 -0.1381E+00  0.1617E+00 -0.9370E+00 -0.1398E+02 -0.2039E+02  0.1496E+03 -0.2076E-13
  0.1020E+03 -0.1951E+03 -0.5292E+03 -0.4999E+03  0.9806E+00 -0.3177E+00 -0.1307E+00  0.1674E+00 -0.9241E+00 -0.1397E+02 -0.2036E+02  0.1446E+03 -0.2043E-13
  0.1030E+03 -0.2142E+03 -0.5114E+03 -0.4999E+03  0.9855E+00 -0.3577E+00 -0.1233E+00  0.1727E+00 -0.9094E+00 -0.1394E+02 -0.2036E+02  0.1396E+03 -0.2054E-13
  0.1040E+03 -0.2317E+03 -0.4921E+03 -0.4999E+03  0.9871E+00 -0.3969E+00 -0.1159E+00  0.1777E+00 -0.8930E+00 -0.1391E+02 -0.2037E+02  0.1346E+03 -0.2021E-13
  0.1050E+03 -0.2475E+03 -0.4713E+03 -0.4999E+03  0.9873E+00 -0.4353E+00 -0.1082E+00  0.1825E+00 -0.8750E+00 -0.1390E+02 -0.2038E+02  0.1296E+03 -0.2032E-13
  0.1060E+03 -0.2614E+03 -0.4492E+03 -0.4999E+03  0.9870E+00 -0.4728E+00 -0.1002E+00  0.1870E+00 -0.8553E+00 -0.1390E+02 -0.2038E+02  0.1246E+03 -0.1998E-13
  0.1070E+03 -0.2733E+03 -0.4260E+03 -0.4999E+03  0.9866E+00 -0.5094E+00 -0.9207E-01  0.1912E+00 -0.8339E+00 -0.1389E+02 -0.2039E+02  0.1197E+03 -0.2021E-13
  0.1080E+03 -0.2832E+03 -0.4018E+03 -0.4999E+03  0.9863E+00 -0.5451E+00 -0.8371E-01  0.1950E+00 -0.8111E+00 -0.1389E+02 -0.2039E+02  0.1147E+03 -0.2021E-13
  0.1090E+03 -0.2910E+03 -0.3769E+03 -0.4999E+03  0.9861E+00 -0.5797E+00 -0.7519E-01  0.1985E+00 -0.7867E+00 -0.1389E+02 -0.2039E+02  0.1097E+03 -0.2054E-13
  0.1100E+03 -0.2966E+03 -0.3514E+03 -0.4999E+03  0.9860E+00 -0.6133E+00 -0.6651E-01  0.2015E+00 -0.7608E+00 -0.1389E+02 -0.2039E+02  0.1048E+03 -0.2043E-13
  0.1110E+03 -0.2999E+03 -0.3255E+03 -0.4999E+03  0.9860E+00 -0.6457E+00 -0.5771E-01  0.2042E+00 -0.7335E+00 -0.1390E+02 -0.2039E+02  0.9980E+02 -0.2043E-13
  0.1120E+03 -0.3010E+03 -0.2995E+03 -0.4999E+03  0.9860E+00 -0.6769E+00 -0.4880E-01  0.2066E+00 -0.7048E+00 -0.1390E+02 -0.2039E+02  0.9483E+02 -0.2054E-13
  0.1130E+03 -0.2998E+03 -0.2734E+03 -0.4999E+03  0.9860E+00 -0.7068E+00 -0.3980E-01  0.2085E+00 -0.6748E+00 -0.1390E+02 -0.2039E+02  0.8986E+02 -0.2087E-13
  0.1140E+03 -0.2964E+03 -0.2475E+03 -0.4999E+03  0.9860E+00 -0.7354E+00 -0.3072E-01  0.2100E+00 -0.6436E+00 -0.1390E+02 -0.2039E+02  0.8489E+02 -0.2032E-13
  0.1150E+03 -0.2907E+03 -0.2220E+03 -0.4999E+03  0.9860E+00 -0.7626E+00 -0.2159E-01  0.2111E+00 -0.6111E+00 -0.1390E+02 -0.2039E+02  0.7992E+02 -0.2054E-13
  0.1160E+03 -0.2829E+03 -0.1972E+03 -0.4999E+03  0.9860E+00 -0.7884E+00 -0.1242E-01  0.2119E+00 -0.5774E+00 -0.1390E+02 -0.2039E+02  0.7495E+02 -0.2043E-13
  0.1170E+03 -0.2729E+03 -0.1730E+03 -0.4999E+03  0.9860E+00 -0.8127E+00 -0.3220E-02  0.2122E+00 -0.5427E+00 -0.1390E+02 -0.2039E+02  0.6998E+02 -0.2043E-13
  0.1180E+03 -0.2609E+03 -0.1499E+03 -0.4999E+03  0.9860E+00 -0.8354E+00  0.5983E-02  0.2122E+00 -0.5070E+00 -0.1390E+02 -0.2039E+02  0.6501E+02 -0.1998E-13
  0.1190E+03 -0.2469E+03 -0.1278E+03 -0.4999E+03  0.9860E+00 -0.8566E+00  0.1518E-01  0.2117E+00 -0.4703E+00 -0.1390E+02 -0.2039E+02  0.6004E+02 -0.2054E-13
  0.1200E+03 -0.2310E+03 -0.1071E+03 -0.4999E+03  0.9860E+00 -0.8762E+00  0.2434E-01  0.2108E+00 -0.4327E+00 -0.1390E+02 -0.2039E+02  0.5507E+02 -0.2054E-13
  0.1210E+03 -0.2135E+03 -0.8782E+02 -0.4999E+03  0.9860E+00 -0.8941E+00  0.3346E-01  0.2096E+00 -0.3943E+00 -0.1390E+02 -0.2039E+02  0.5010E+02 -0.2054E-13
  0.1220E+03 -0.1943E+03 -0.7012E+02 -0.4999E+03  0.9860E+00 -0.9104E+00  0.4251E-01  0.2079E+00 -0.3552E+00 -0.1390E+02 -0.2039E+02  0.4514E+02 -0.2043E-13
  0.1230E+03 -0.1736E+03 -0.5416E+02 -0.4999E+03  0.9860E+00 -0.9249E+00  0.5149E-01  0.2059E+00 -0.3154E+00 -0.1390E+02 -0.2039E+02  0.4017E+02 -0.2043E-13
  0.1240E+03 -0.1517E+03 -0.4004E+02 -0.4999E+03  0.9860E+00 -0.9377E+00  0.6036E-01  0.2035E+00 -0.2750E+00 -0.1390E+02 -0.2039E+02  0.3520E+02 -0.2010E-13
  0.1250E+03 -0.1286E+03 -0.2788E+02 -0.4999E+03  0.9860E+00 -0.9488E+00  0.6913E-01  0.2007E+00 -0.2341E+00 -0.1390E+02 -0.2039E+02  0.3023E+02 -0.2043E-13
  0.1260E+03 -0.1046E+03 -0.1776E+02 -0.4999E+03  0.9860E+00 -0.9580E+00  0.7776E-01  0.1975E+00 -0.1927E+00 -0.1390E+02 -0.2039E+02  0.2526E+02 -0.2076E-13
  0.1270E+03 -0.7971E+02 -0.9762E+01 -0.4999E+03  0.9860E+00 -0.9655E+00  0.8625E-01  0.1939E+00 -0.1510E+00 -0.1390E+02 -0.2039E+02  0.2029E+02 -0.2032E-13
  0.1280E+03 -0.5427E+02 -0.3949E+01 -0.4999E+03  0.9860E+00 -0.9711E+00  0.9458E-01  0.1900E+00 -0.1090E+00 -0.1390E+02 -0.2039E+02  0.1532E+02 -0.2032E-13
  0.1290E+03 -0.2842E+02 -0.3605E+00 -0.4999E+03  0.9860E+00 -0.9749E+00  0.1027E+00  0.1857E+00 -0.6679E-01 -0.1390E+02 -0.2039E+02  0.1035E+02 -0.2032E-13
  0.1300E+03 -0.2357E+01  0.9750E+00 -0.4999E+03  0.9860E+00 -0.9769E+00  0.1107E+00  0.1811E+00 -0.2447E-01 -0.1390E+02 -0.2039E+02  0.5380E+01 -0.2054E-13
