     Time          X        Xpath          Y        Ypath          Z        Zpath       Xdiff       Ydiff       Zdiff  Longitude err  L1_error  L1_error_max L1_error_int
  0.1000E-02  0.2600E-01  0.2602E-01  0.5791E-21  0.0000E+00 -0.5000E+03 -0.5000E+03 -0.1981E-04  0.5791E-21  0.1705E-12 -0.1981E-04  0.1705E-12  0.1705E-12  0.1705E-12
  0.1000E+01  0.2600E+02  0.2602E+02 -0.5695E-06  0.0000E+00 -0.5000E+03 -0.5000E+03 -0.1879E-01 -0.5695E-06  0.2693E-03 -0.1879E-01  0.2693E-03  0.2693E-03  0.8276E-04
  0.2000E+01  0.5201E+02  0.5204E+02 -0.8135E-06  0.0000E+00 -0.5000E+03 -0.5000E+03 -0.3251E-01 -0.8135E-06  0.4216E-03 -0.3251E-01  0.4216E-03  0.4394E-03  0.2390E-03
  0.3000E+01  0.7802E+02  0.7806E+02 -0.7158E-06  0.0000E+00 -0.5000E+03 -0.5000E+03 -0.4058E-01 -0.7158E-06  0.1020E-03 -0.4058E-01  0.1020E-03  0.4394E-03  0.2548E-03
  0.4000E+01  0.1040E+03  0.1041E+03 -0.4620E-06  0.0000E+00 -0.5000E+03 -0.5000E+03 -0.4462E-01 -0.4620E-06 -0.3519E-03 -0.4462E-01  0.3519E-03  0.4394E-03  0.2282E-03
  0.5000E+01  0.1301E+03  0.1301E+03 -0.3145E-06  0.0000E+00 -0.5000E+03 -0.5000E+03 -0.4627E-01 -0.3145E-06 -0.7368E-03 -0.4627E-01  0.7368E-03  0.7368E-03  0.2934E-03
  0.6000E+01  0.1561E+03  0.1561E+03 -0.2573E-06  0.0000E+00 -0.5000E+03 -0.5000E+03 -0.4671E-01 -0.2573E-06 -0.9973E-03 -0.4671E-01  0.9973E-03  0.9973E-03  0.3908E-03
  0.7000E+01  0.1821E+03  0.1821E+03 -0.2421E-06  0.0000E+00 -0.5000E+03 -0.5000E+03 -0.4664E-01 -0.2421E-06 -0.1148E-02 -0.4664E-01  0.1148E-02  0.1148E-02  0.4894E-03
  0.8000E+01  0.2081E+03  0.2082E+03 -0.2445E-06  0.0000E+00 -0.5000E+03 -0.5000E+03 -0.4643E-01 -0.2445E-06 -0.1223E-02 -0.4643E-01  0.1223E-02  0.1223E-02  0.5770E-03
  0.9000E+01  0.2341E+03  0.2342E+03 -0.2521E-06  0.0000E+00 -0.5000E+03 -0.5000E+03 -0.4623E-01 -0.2521E-06 -0.1253E-02 -0.4623E-01  0.1253E-02  0.1253E-02  0.6508E-03
  0.1000E+02  0.2602E+03  0.2602E+03 -0.2593E-06  0.0000E+00 -0.5000E+03 -0.5000E+03 -0.4609E-01 -0.2593E-06 -0.1261E-02 -0.4609E-01  0.1261E-02  0.1261E-02  0.7115E-03
  0.1100E+02  0.2862E+03  0.2862E+03 -0.2644E-06  0.0000E+00 -0.5000E+03 -0.5000E+03 -0.4600E-01 -0.2644E-06 -0.1260E-02 -0.4600E-01  0.1260E-02  0.1261E-02  0.7615E-03
  0.1200E+02  0.3122E+03  0.3122E+03 -0.2675E-06  0.0000E+00 -0.5000E+03 -0.5000E+03 -0.4596E-01 -0.2675E-06 -0.1256E-02 -0.4596E-01  0.1256E-02  0.1261E-02  0.8028E-03
  0.1300E+02  0.3382E+03  0.3383E+03 -0.2690E-06  0.0000E+00 -0.5000E+03 -0.5000E+03 -0.4594E-01 -0.2690E-06 -0.1252E-02 -0.4594E-01  0.1252E-02  0.1261E-02  0.8376E-03
  0.1400E+02  0.3642E+03  0.3643E+03 -0.2697E-06  0.0000E+00 -0.5000E+03 -0.5000E+03 -0.4593E-01 -0.2697E-06 -0.1249E-02 -0.4593E-01  0.1249E-02  0.1261E-02  0.8671E-03
  0.1500E+02  0.3903E+03  0.3903E+03 -0.2699E-06  0.0000E+00 -0.5000E+03 -0.5000E+03 -0.4593E-01 -0.2699E-06 -0.1248E-02 -0.4593E-01  0.1248E-02  0.1261E-02  0.8925E-03
  0.1600E+02  0.4163E+03  0.4163E+03 -0.2699E-06  0.0000E+00 -0.5000E+03 -0.5000E+03 -0.4594E-01 -0.2699E-06 -0.1247E-02 -0.4594E-01  0.1247E-02  0.1261E-02  0.9147E-03
  0.1700E+02  0.4423E+03  0.4423E+03 -0.2699E-06  0.0000E+00 -0.5000E+03 -0.5000E+03 -0.4594E-01 -0.2699E-06 -0.1247E-02 -0.4594E-01  0.1247E-02  0.1261E-02  0.9342E-03
  0.1800E+02  0.4683E+03  0.4684E+03 -0.2698E-06  0.0000E+00 -0.5000E+03 -0.5000E+03 -0.4594E-01 -0.2698E-06 -0.1247E-02 -0.4594E-01  0.1247E-02  0.1261E-02  0.9516E-03
  0.1900E+02  0.4943E+03  0.4944E+03 -0.2698E-06  0.0000E+00 -0.5000E+03 -0.5000E+03 -0.4594E-01 -0.2698E-06 -0.1247E-02 -0.4594E-01  0.1247E-02  0.1261E-02  0.9671E-03
  0.2000E+02  0.5204E+03  0.5204E+03 -0.2697E-06  0.0000E+00 -0.5000E+03 -0.5000E+03 -0.4594E-01 -0.2697E-06 -0.1247E-02 -0.4594E-01  0.1247E-02  0.1261E-02  0.9811E-03
  0.2100E+02  0.5464E+03  0.5464E+03 -0.2697E-06  0.0000E+00 -0.5000E+03 -0.5000E+03 -0.4594E-01 -0.2697E-06 -0.1247E-02 -0.4594E-01  0.1247E-02  0.1261E-02  0.9937E-03
  0.2200E+02  0.5724E+03  0.5724E+03 -0.2697E-06  0.0000E+00 -0.5000E+03 -0.5000E+03 -0.4594E-01 -0.2697E-06 -0.1247E-02 -0.4594E-01  0.1247E-02  0.1261E-02  0.1005E-02
  0.2300E+02  0.5984E+03  0.5985E+03 -0.2697E-06  0.0000E+00 -0.5000E+03 -0.5000E+03 -0.4594E-01 -0.2697E-06 -0.1247E-02 -0.4594E-01  0.1247E-02  0.1261E-02  0.1016E-02
  0.2400E+02  0.6244E+03  0.6245E+03 -0.2697E-06  0.0000E+00 -0.5000E+03 -0.5000E+03 -0.4594E-01 -0.2697E-06 -0.1247E-02 -0.4594E-01  0.1247E-02  0.1261E-02  0.1025E-02
  0.2500E+02  0.6504E+03  0.6505E+03 -0.2697E-06  0.0000E+00 -0.5000E+03 -0.5000E+03 -0.4594E-01 -0.2697E-06 -0.1247E-02 -0.4594E-01  0.1247E-02  0.1261E-02  0.1034E-02
  0.2600E+02  0.6765E+03  0.6765E+03 -0.2697E-06  0.0000E+00 -0.5000E+03 -0.5000E+03 -0.4594E-01 -0.2697E-06 -0.1247E-02 -0.4594E-01  0.1247E-02  0.1261E-02  0.1042E-02
  0.2700E+02  0.7025E+03  0.7025E+03 -0.2697E-06  0.0000E+00 -0.5000E+03 -0.5000E+03 -0.4594E-01 -0.2697E-06 -0.1247E-02 -0.4594E-01  0.1247E-02  0.1261E-02  0.1050E-02
  0.2800E+02  0.7285E+03  0.7286E+03 -0.2697E-06  0.0000E+00 -0.5000E+03 -0.5000E+03 -0.4594E-01 -0.2697E-06 -0.1247E-02 -0.4594E-01  0.1247E-02  0.1261E-02  0.1057E-02
  0.2900E+02  0.7545E+03  0.7546E+03 -0.4564E-03 -0.3487E-01 -0.5000E+03 -0.5000E+03 -0.4576E-01  0.3442E-01 -0.1266E-02 -0.4628E-01  0.3374E-01  0.3374E-01  0.1126E-02
  0.3000E+02  0.7805E+03  0.7805E+03 -0.6662E+00 -0.1559E+01 -0.4999E+03 -0.5000E+03 -0.2074E-01  0.8924E+00  0.9785E-01 -0.1115E+00  0.8911E+00  0.8911E+00  0.1543E-01
  0.3100E+02  0.8062E+03  0.8063E+03 -0.3854E+01 -0.5326E+01 -0.4994E+03 -0.5000E+03 -0.5357E-01  0.1472E+01  0.6095E+00 -0.3288E+00  0.1560E+01  0.1560E+01  0.5615E-01
  0.3200E+02  0.8316E+03  0.8316E+03 -0.9871E+01 -0.1131E+02 -0.4994E+03 -0.5000E+03  0.2593E-01  0.1438E+01  0.6310E+00 -0.3662E+00  0.1527E+01  0.1608E+01  0.1041E+00
  0.3300E+02  0.8564E+03  0.8563E+03 -0.1837E+02 -0.1946E+02 -0.4997E+03 -0.5000E+03  0.1406E+00  0.1087E+01  0.2846E+00 -0.2537E+00  0.1103E+01  0.1608E+01  0.1415E+00
  0.3400E+02  0.8804E+03  0.8802E+03 -0.2883E+02 -0.2972E+02 -0.4999E+03 -0.5000E+03  0.2399E+00  0.8989E+00  0.1084E+00 -0.1740E+00  0.9204E+00  0.1608E+01  0.1662E+00
  0.3500E+02  0.9035E+03  0.9031E+03 -0.4114E+02 -0.4202E+02 -0.4999E+03 -0.5000E+03  0.3824E+00  0.8816E+00  0.7108E-01 -0.1211E+00  0.9560E+00  0.1608E+01  0.1883E+00
  0.3600E+02  0.9254E+03  0.9249E+03 -0.5543E+02 -0.5625E+02 -0.4999E+03 -0.5000E+03  0.5152E+00  0.8241E+00  0.5865E-01 -0.6182E-01  0.9717E+00  0.1608E+01  0.2100E+00
  0.3700E+02  0.9460E+03  0.9453E+03 -0.7156E+02 -0.7232E+02 -0.4999E+03 -0.5000E+03  0.6249E+00  0.7544E+00  0.5443E-01 -0.1694E-01  0.9810E+00  0.1608E+01  0.2308E+00
  0.3800E+02  0.9650E+03  0.9643E+03 -0.8941E+02 -0.9009E+02 -0.4999E+03 -0.5000E+03  0.7107E+00  0.6809E+00  0.5462E-01  0.1080E-01  0.9857E+00  0.1608E+01  0.2507E+00
  0.3900E+02  0.9825E+03  0.9817E+03 -0.1088E+03 -0.1095E+03 -0.4999E+03 -0.5000E+03  0.7774E+00  0.6062E+00  0.5585E-01  0.2556E-01  0.9871E+00  0.1608E+01  0.2696E+00
  0.4000E+02  0.9982E+03  0.9973E+03 -0.1297E+03 -0.1302E+03 -0.4999E+03 -0.5000E+03  0.8308E+00  0.5313E+00  0.5710E-01  0.3206E-01  0.9873E+00  0.1608E+01  0.2876E+00
  0.4100E+02  0.1012E+04  0.1011E+04 -0.1518E+03 -0.1523E+03 -0.4999E+03 -0.5000E+03  0.8744E+00  0.4554E+00  0.5801E-01  0.3413E-01  0.9870E+00  0.1608E+01  0.3047E+00
  0.4200E+02  0.1024E+04  0.1023E+04 -0.1751E+03 -0.1755E+03 -0.4999E+03 -0.5000E+03  0.9102E+00  0.3777E+00  0.5855E-01  0.3422E-01  0.9866E+00  0.1608E+01  0.3210E+00
  0.4300E+02  0.1034E+04  0.1033E+04 -0.1993E+03 -0.1996E+03 -0.4999E+03 -0.5000E+03  0.9390E+00  0.2978E+00  0.5882E-01  0.3366E-01  0.9863E+00  0.1608E+01  0.3365E+00
  0.4400E+02  0.1041E+04  0.1040E+04 -0.2242E+03 -0.2245E+03 -0.4999E+03 -0.5000E+03  0.9609E+00  0.2159E+00  0.5894E-01  0.3304E-01  0.9861E+00  0.1608E+01  0.3513E+00
  0.4500E+02  0.1047E+04  0.1046E+04 -0.2498E+03 -0.2499E+03 -0.4999E+03 -0.5000E+03  0.9759E+00  0.1323E+00  0.5897E-01  0.3259E-01  0.9860E+00  0.1608E+01  0.3654E+00
  0.4600E+02  0.1050E+04  0.1049E+04 -0.2757E+03 -0.2757E+03 -0.4999E+03 -0.5000E+03  0.9836E+00  0.4752E-01  0.5897E-01  0.3231E-01  0.9860E+00  0.1608E+01  0.3789E+00
  0.4700E+02  0.1051E+04  0.1050E+04 -0.3017E+03 -0.3017E+03 -0.4999E+03 -0.5000E+03  0.9840E+00 -0.3771E-01  0.5895E-01  0.3216E-01  0.9860E+00  0.1608E+01  0.3919E+00
  0.4800E+02  0.1050E+04  0.1049E+04 -0.3278E+03 -0.3277E+03 -0.4999E+03 -0.5000E+03  0.9770E+00 -0.1227E+00  0.5894E-01  0.3210E-01  0.9860E+00  0.1608E+01  0.4043E+00
  0.4900E+02  0.1046E+04  0.1045E+04 -0.3537E+03 -0.3534E+03 -0.4999E+03 -0.5000E+03  0.9627E+00 -0.2069E+00  0.5893E-01  0.3208E-01  0.9860E+00  0.1608E+01  0.4162E+00
  0.5000E+02  0.1040E+04  0.1039E+04 -0.3791E+03 -0.3788E+03 -0.4999E+03 -0.5000E+03  0.9412E+00 -0.2895E+00  0.5892E-01  0.3208E-01  0.9860E+00  0.1608E+01  0.4276E+00
  0.5100E+02  0.1032E+04  0.1032E+04 -0.4040E+03 -0.4036E+03 -0.4999E+03 -0.5000E+03  0.9126E+00 -0.3700E+00  0.5892E-01  0.3209E-01  0.9860E+00  0.1608E+01  0.4386E+00
  0.5200E+02  0.1022E+04  0.1022E+04 -0.4280E+03 -0.4276E+03 -0.4999E+03 -0.5000E+03  0.8771E+00 -0.4476E+00  0.5892E-01  0.3210E-01  0.9860E+00  0.1608E+01  0.4491E+00
  0.5300E+02  0.1010E+04  0.1009E+04 -0.4512E+03 -0.4506E+03 -0.4999E+03 -0.5000E+03  0.8350E+00 -0.5219E+00  0.5892E-01  0.3210E-01  0.9860E+00  0.1608E+01  0.4592E+00
  0.5400E+02  0.9962E+03  0.9954E+03 -0.4731E+03 -0.4725E+03 -0.4999E+03 -0.5000E+03  0.7867E+00 -0.5923E+00  0.5892E-01  0.3210E-01  0.9860E+00  0.1608E+01  0.4690E+00
  0.5500E+02  0.9803E+03  0.9795E+03 -0.4938E+03 -0.4932E+03 -0.4999E+03 -0.5000E+03  0.7324E+00 -0.6582E+00  0.5892E-01  0.3210E-01  0.9860E+00  0.1608E+01  0.4784E+00
  0.5600E+02  0.9626E+03  0.9620E+03 -0.5130E+03 -0.5123E+03 -0.4999E+03 -0.5000E+03  0.6726E+00 -0.7192E+00  0.5892E-01  0.3211E-01  0.9860E+00  0.1608E+01  0.4875E+00
  0.5700E+02  0.9434E+03  0.9428E+03 -0.5306E+03 -0.5299E+03 -0.4999E+03 -0.5000E+03  0.6078E+00 -0.7748E+00  0.5892E-01  0.3211E-01  0.9860E+00  0.1608E+01  0.4963E+00
  0.5800E+02  0.9227E+03  0.9221E+03 -0.5465E+03 -0.5457E+03 -0.4999E+03 -0.5000E+03  0.5384E+00 -0.8245E+00  0.5892E-01  0.3211E-01  0.9860E+00  0.1608E+01  0.5047E+00
  0.5900E+02  0.9007E+03  0.9002E+03 -0.5606E+03 -0.5597E+03 -0.4999E+03 -0.5000E+03  0.4650E+00 -0.8680E+00  0.5892E-01  0.3211E-01  0.9860E+00  0.1608E+01  0.5129E+00
  0.6000E+02  0.8775E+03  0.8771E+03 -0.5726E+03 -0.5717E+03 -0.4999E+03 -0.5000E+03  0.3880E+00 -0.9051E+00  0.5892E-01  0.3211E-01  0.9860E+00  0.1608E+01  0.5208E+00
  0.6100E+02  0.8534E+03  0.8531E+03 -0.5827E+03 -0.5817E+03 -0.4999E+03 -0.5000E+03  0.3082E+00 -0.9353E+00  0.5892E-01  0.3211E-01  0.9860E+00  0.1608E+01  0.5284E+00
  0.6200E+02  0.8286E+03  0.8283E+03 -0.5906E+03 -0.5896E+03 -0.4999E+03 -0.5000E+03  0.2260E+00 -0.9584E+00  0.5892E-01  0.3210E-01  0.9860E+00  0.1608E+01  0.5358E+00
  0.6300E+02  0.8031E+03  0.8030E+03 -0.5963E+03 -0.5953E+03 -0.4999E+03 -0.5000E+03  0.1421E+00 -0.9744E+00  0.5892E-01  0.3210E-01  0.9860E+00  0.1608E+01  0.5430E+00
  0.6400E+02  0.7772E+03  0.7772E+03 -0.5997E+03 -0.5988E+03 -0.4999E+03 -0.5000E+03  0.5717E-01 -0.9831E+00  0.5892E-01  0.3210E-01  0.9860E+00  0.1608E+01  0.5499E+00
  0.6500E+02  0.7512E+03  0.7512E+03 -0.6010E+03 -0.6000E+03 -0.4999E+03 -0.5000E+03 -0.2820E-01 -0.9843E+00  0.5892E-01  0.3210E-01  0.9860E+00  0.1608E+01  0.5566E+00
  0.6600E+02  0.7251E+03  0.7252E+03 -0.6004E+03 -0.6000E+03 -0.4999E+03 -0.5000E+03 -0.5139E-01 -0.3625E+00  0.1215E+00  0.5139E-01  0.3823E+00  0.1608E+01  0.5596E+00
  0.6700E+02  0.6991E+03  0.6992E+03 -0.6002E+03 -0.6000E+03 -0.4996E+03 -0.5000E+03 -0.4077E-01 -0.2058E+00  0.3729E+00  0.4077E-01  0.4259E+00  0.1608E+01  0.5558E+00
  0.6800E+02  0.6730E+03  0.6731E+03 -0.6004E+03 -0.6000E+03 -0.4996E+03 -0.5000E+03 -0.9301E-01 -0.4030E+00  0.3713E+00  0.9301E-01  0.5480E+00  0.1608E+01  0.5550E+00
  0.6900E+02  0.6471E+03  0.6471E+03 -0.6003E+03 -0.6000E+03 -0.4997E+03 -0.5000E+03 -0.7807E-02 -0.2967E+00  0.3054E+00  0.7807E-02  0.4259E+00  0.1608E+01  0.5544E+00
  0.7000E+02  0.6211E+03  0.6211E+03 -0.6001E+03 -0.6000E+03 -0.4999E+03 -0.5000E+03  0.7298E-02 -0.8860E-01  0.8887E-01 -0.7298E-02  0.1255E+00  0.1608E+01  0.5504E+00
  0.7100E+02  0.5951E+03  0.5951E+03 -0.6000E+03 -0.6000E+03 -0.5000E+03 -0.5000E+03  0.5498E-01  0.1385E-01  0.2905E-01 -0.5498E-01  0.3219E-01  0.1608E+01  0.5436E+00
  0.7200E+02  0.5691E+03  0.5691E+03 -0.6000E+03 -0.6000E+03 -0.5000E+03 -0.5000E+03  0.7456E-01  0.1335E-02  0.1136E-01 -0.7456E-01  0.1144E-01  0.1608E+01  0.5363E+00
  0.7300E+02  0.5431E+03  0.5430E+03 -0.6000E+03 -0.6000E+03 -0.5000E+03 -0.5000E+03  0.7414E-01 -0.8815E-03  0.3738E-02 -0.7414E-01  0.3841E-02  0.1608E+01  0.5291E+00
  0.7400E+02  0.5171E+03  0.5170E+03 -0.6000E+03 -0.6000E+03 -0.5000E+03 -0.5000E+03  0.6656E-01  0.4529E-04  0.1745E-03 -0.6656E-01  0.1802E-03  0.1608E+01  0.5219E+00
  0.7500E+02  0.4911E+03  0.4910E+03 -0.6000E+03 -0.6000E+03 -0.5000E+03 -0.5000E+03  0.5859E-01  0.3781E-04 -0.1315E-02 -0.5859E-01  0.1316E-02  0.1608E+01  0.5150E+00
  0.7600E+02  0.4650E+03  0.4650E+03 -0.6000E+03 -0.6000E+03 -0.5000E+03 -0.5000E+03  0.5263E-01 -0.6995E-05 -0.1768E-02 -0.5263E-01  0.1768E-02  0.1608E+01  0.5083E+00
  0.7700E+02  0.4390E+03  0.4390E+03 -0.6000E+03 -0.6000E+03 -0.5000E+03 -0.5000E+03  0.4892E-01 -0.1085E-05 -0.1771E-02 -0.4892E-01  0.1771E-02  0.1608E+01  0.5017E+00
  0.7800E+02  0.4130E+03  0.4129E+03 -0.6000E+03 -0.6000E+03 -0.5000E+03 -0.5000E+03  0.4693E-01  0.6307E-06 -0.1630E-02 -0.4693E-01  0.1630E-02  0.1608E+01  0.4953E+00
  0.7900E+02  0.3870E+03  0.3869E+03 -0.6000E+03 -0.6000E+03 -0.5000E+03 -0.5000E+03  0.4603E-01  0.2358E-06 -0.1482E-02 -0.4603E-01  0.1482E-02  0.1608E+01  0.4891E+00
  0.8000E+02  0.3609E+03  0.3609E+03 -0.6000E+03 -0.6000E+03 -0.5000E+03 -0.5000E+03  0.4571E-01  0.2435E-06 -0.1371E-02 -0.4571E-01  0.1371E-02  0.1608E+01  0.4830E+00
  0.8100E+02  0.3349E+03  0.3349E+03 -0.6000E+03 -0.6000E+03 -0.5000E+03 -0.5000E+03  0.4567E-01  0.2806E-06 -0.1302E-02 -0.4567E-01  0.1302E-02  0.1608E+01  0.4770E+00
  0.8200E+02  0.3089E+03  0.3089E+03 -0.6000E+03 -0.6000E+03 -0.5000E+03 -0.5000E+03  0.4573E-01  0.2801E-06 -0.1265E-02 -0.4573E-01  0.1265E-02  0.1608E+01  0.4712E+00
  0.8300E+02  0.2829E+03  0.2828E+03 -0.6000E+03 -0.6000E+03 -0.5000E+03 -0.5000E+03  0.4581E-01  0.2769E-06 -0.1248E-02 -0.4581E-01  0.1248E-02  0.1608E+01  0.4656E+00
  0.8400E+02  0.2569E+03  0.2568E+03 -0.6000E+03 -0.6000E+03 -0.5000E+03 -0.5000E+03  0.4587E-01  0.2744E-06 -0.1242E-02 -0.4587E-01  0.1242E-02  0.1608E+01  0.4601E+00
  0.8500E+02  0.2308E+03  0.2308E+03 -0.6000E+03 -0.6000E+03 -0.5000E+03 -0.5000E+03  0.4591E-01  0.2723E-06 -0.1242E-02 -0.4591E-01  0.1242E-02  0.1608E+01  0.4547E+00
  0.8600E+02  0.2048E+03  0.2048E+03 -0.6000E+03 -0.6000E+03 -0.5000E+03 -0.5000E+03  0.4593E-01  0.2709E-06 -0.1243E-02 -0.4593E-01  0.1243E-02  0.1608E+01  0.4494E+00
  0.8700E+02  0.1788E+03  0.1788E+03 -0.6000E+03 -0.6000E+03 -0.5000E+03 -0.5000E+03  0.4594E-01  0.2701E-06 -0.1244E-02 -0.4594E-01  0.1244E-02  0.1608E+01  0.4443E+00
  0.8800E+02  0.1528E+03  0.1527E+03 -0.6000E+03 -0.6000E+03 -0.5000E+03 -0.5000E+03  0.4594E-01  0.2698E-06 -0.1245E-02 -0.4594E-01  0.1245E-02  0.1608E+01  0.4392E+00
  0.8900E+02  0.1268E+03  0.1267E+03 -0.6000E+03 -0.6000E+03 -0.5000E+03 -0.5000E+03  0.4594E-01  0.2697E-06 -0.1246E-02 -0.4594E-01  0.1246E-02  0.1608E+01  0.4343E+00
  0.9000E+02  0.1007E+03  0.1007E+03 -0.6000E+03 -0.6000E+03 -0.5000E+03 -0.5000E+03  0.4594E-01  0.2697E-06 -0.1246E-02 -0.4594E-01  0.1246E-02  0.1608E+01  0.4295E+00
  0.9100E+02  0.7472E+02  0.7468E+02 -0.6000E+03 -0.6000E+03 -0.5000E+03 -0.5000E+03  0.4594E-01  0.2697E-06 -0.1247E-02 -0.4594E-01  0.1247E-02  0.1608E+01  0.4248E+00
  0.9200E+02  0.4870E+02  0.4866E+02 -0.6000E+03 -0.6000E+03 -0.5000E+03 -0.5000E+03  0.4594E-01  0.2697E-06 -0.1247E-02 -0.4594E-01  0.1247E-02  0.1608E+01  0.4202E+00
  0.9300E+02  0.2268E+02  0.2264E+02 -0.6000E+03 -0.6000E+03 -0.5000E+03 -0.5000E+03  0.4594E-01  0.2697E-06 -0.1247E-02 -0.4594E-01  0.1247E-02  0.1608E+01  0.4157E+00
  0.9400E+02 -0.3338E+01 -0.3384E+01 -0.6000E+03 -0.6000E+03 -0.5000E+03 -0.5000E+03  0.4587E-01 -0.1897E-01 -0.1255E-02 -0.4608E-01  0.1850E-01  0.1608E+01  0.4113E+00
  0.9500E+02 -0.2934E+02 -0.2936E+02 -0.5994E+03 -0.5986E+03 -0.4999E+03 -0.5000E+03  0.1866E-01 -0.8525E+00  0.7694E-01 -0.1020E+00  0.8501E+00  0.1608E+01  0.4111E+00
  0.9600E+02 -0.5505E+02 -0.5511E+02 -0.5964E+03 -0.5949E+03 -0.4994E+03 -0.5000E+03  0.5714E-01 -0.1461E+01  0.6005E+00 -0.3246E+00  0.1547E+01  0.1608E+01  0.4198E+00
  0.9700E+02 -0.8047E+02 -0.8045E+02 -0.5905E+03 -0.5890E+03 -0.4994E+03 -0.5000E+03 -0.2181E-01 -0.1448E+01  0.6385E+00 -0.3673E+00  0.1540E+01  0.1608E+01  0.4319E+00
  0.9800E+02 -0.1053E+03 -0.1052E+03 -0.5821E+03 -0.5810E+03 -0.4997E+03 -0.5000E+03 -0.1367E+00 -0.1103E+01  0.2981E+00 -0.2588E+00  0.1122E+01  0.1608E+01  0.4413E+00
  0.9900E+02 -0.1294E+03 -0.1291E+03 -0.5717E+03 -0.5708E+03 -0.4999E+03 -0.5000E+03 -0.2339E+00 -0.9007E+00  0.1124E+00 -0.1765E+00  0.9206E+00  0.1608E+01  0.4468E+00
  0.1000E+03 -0.1525E+03 -0.1521E+03 -0.5595E+03 -0.5586E+03 -0.4999E+03 -0.5000E+03 -0.3759E+00 -0.8832E+00  0.7182E-01 -0.1238E+00  0.9546E+00  0.1608E+01  0.4517E+00
  0.1010E+03 -0.1744E+03 -0.1739E+03 -0.5453E+03 -0.5444E+03 -0.4999E+03 -0.5000E+03 -0.5096E+00 -0.8272E+00  0.5904E-01 -0.6431E-01  0.9712E+00  0.1608E+01  0.4568E+00
  0.1020E+03 -0.1951E+03 -0.1944E+03 -0.5292E+03 -0.5285E+03 -0.4999E+03 -0.5000E+03 -0.6205E+00 -0.7577E+00  0.5448E-01 -0.1859E-01  0.9806E+00  0.1608E+01  0.4619E+00
  0.1030E+03 -0.2142E+03 -0.2135E+03 -0.5114E+03 -0.5108E+03 -0.4999E+03 -0.5000E+03 -0.7072E+00 -0.6843E+00  0.5457E-01  0.9851E-02  0.9855E+00  0.1608E+01  0.4670E+00
  0.1040E+03 -0.2317E+03 -0.2310E+03 -0.4921E+03 -0.4915E+03 -0.4999E+03 -0.5000E+03 -0.7747E+00 -0.6097E+00  0.5579E-01  0.2510E-01  0.9871E+00  0.1608E+01  0.4720E+00
  0.1050E+03 -0.2475E+03 -0.2467E+03 -0.4713E+03 -0.4707E+03 -0.4999E+03 -0.5000E+03 -0.8286E+00 -0.5347E+00  0.5705E-01  0.3188E-01  0.9873E+00  0.1608E+01  0.4769E+00
  0.1060E+03 -0.2614E+03 -0.2605E+03 -0.4492E+03 -0.4487E+03 -0.4999E+03 -0.5000E+03 -0.8726E+00 -0.4589E+00  0.5797E-01  0.3409E-01  0.9870E+00  0.1608E+01  0.4817E+00
  0.1070E+03 -0.2733E+03 -0.2724E+03 -0.4260E+03 -0.4256E+03 -0.4999E+03 -0.5000E+03 -0.9087E+00 -0.3813E+00  0.5853E-01  0.3423E-01  0.9866E+00  0.1608E+01  0.4865E+00
  0.1080E+03 -0.2832E+03 -0.2823E+03 -0.4018E+03 -0.4015E+03 -0.4999E+03 -0.5000E+03 -0.9378E+00 -0.3015E+00  0.5882E-01  0.3369E-01  0.9863E+00  0.1608E+01  0.4911E+00
  0.1090E+03 -0.2910E+03 -0.2900E+03 -0.3769E+03 -0.3767E+03 -0.4999E+03 -0.5000E+03 -0.9601E+00 -0.2197E+00  0.5894E-01  0.3307E-01  0.9861E+00  0.1608E+01  0.4956E+00
  0.1100E+03 -0.2966E+03 -0.2956E+03 -0.3514E+03 -0.3513E+03 -0.4999E+03 -0.5000E+03 -0.9753E+00 -0.1361E+00  0.5897E-01  0.3261E-01  0.9860E+00  0.1608E+01  0.5001E+00
  0.1110E+03 -0.2999E+03 -0.2989E+03 -0.3255E+03 -0.3255E+03 -0.4999E+03 -0.5000E+03 -0.9834E+00 -0.5141E-01  0.5897E-01  0.3232E-01  0.9860E+00  0.1608E+01  0.5045E+00
  0.1120E+03 -0.3010E+03 -0.3000E+03 -0.2995E+03 -0.2995E+03 -0.4999E+03 -0.5000E+03 -0.9841E+00  0.3381E-01  0.5895E-01  0.3217E-01  0.9860E+00  0.1608E+01  0.5088E+00
  0.1130E+03 -0.2998E+03 -0.2988E+03 -0.2734E+03 -0.2735E+03 -0.4999E+03 -0.5000E+03 -0.9775E+00  0.1189E+00  0.5894E-01  0.3210E-01  0.9860E+00  0.1608E+01  0.5130E+00
  0.1140E+03 -0.2964E+03 -0.2954E+03 -0.2475E+03 -0.2477E+03 -0.4999E+03 -0.5000E+03 -0.9635E+00  0.2031E+00  0.5893E-01  0.3208E-01  0.9860E+00  0.1608E+01  0.5172E+00
  0.1150E+03 -0.2907E+03 -0.2898E+03 -0.2220E+03 -0.2223E+03 -0.4999E+03 -0.5000E+03 -0.9423E+00  0.2858E+00  0.5892E-01  0.3208E-01  0.9860E+00  0.1608E+01  0.5213E+00
  0.1160E+03 -0.2829E+03 -0.2820E+03 -0.1972E+03 -0.1975E+03 -0.4999E+03 -0.5000E+03 -0.9140E+00  0.3663E+00  0.5892E-01  0.3209E-01  0.9860E+00  0.1608E+01  0.5253E+00
  0.1170E+03 -0.2729E+03 -0.2720E+03 -0.1730E+03 -0.1735E+03 -0.4999E+03 -0.5000E+03 -0.8789E+00  0.4442E+00  0.5892E-01  0.3210E-01  0.9860E+00  0.1608E+01  0.5292E+00
  0.1180E+03 -0.2609E+03 -0.2600E+03 -0.1499E+03 -0.1504E+03 -0.4999E+03 -0.5000E+03 -0.8371E+00  0.5186E+00  0.5892E-01  0.3210E-01  0.9860E+00  0.1608E+01  0.5331E+00
  0.1190E+03 -0.2469E+03 -0.2461E+03 -0.1278E+03 -0.1284E+03 -0.4999E+03 -0.5000E+03 -0.7890E+00  0.5892E+00  0.5892E-01  0.3210E-01  0.9860E+00  0.1608E+01  0.5369E+00
  0.1200E+03 -0.2310E+03 -0.2303E+03 -0.1071E+03 -0.1078E+03 -0.4999E+03 -0.5000E+03 -0.7350E+00  0.6553E+00  0.5892E-01  0.3210E-01  0.9860E+00  0.1608E+01  0.5407E+00
  0.1210E+03 -0.2135E+03 -0.2128E+03 -0.8782E+02 -0.8853E+02 -0.4999E+03 -0.5000E+03 -0.6755E+00  0.7165E+00  0.5892E-01  0.3211E-01  0.9860E+00  0.1608E+01  0.5443E+00
  0.1220E+03 -0.1943E+03 -0.1937E+03 -0.7012E+02 -0.7090E+02 -0.4999E+03 -0.5000E+03 -0.6109E+00  0.7723E+00  0.5892E-01  0.3211E-01  0.9860E+00  0.1608E+01  0.5480E+00
  0.1230E+03 -0.1736E+03 -0.1731E+03 -0.5416E+02 -0.5498E+02 -0.4999E+03 -0.5000E+03 -0.5417E+00  0.8224E+00  0.5892E-01  0.3211E-01  0.9860E+00  0.1608E+01  0.5515E+00
  0.1240E+03 -0.1517E+03 -0.1512E+03 -0.4004E+02 -0.4091E+02 -0.4999E+03 -0.5000E+03 -0.4684E+00  0.8662E+00  0.5892E-01  0.3211E-01  0.9860E+00  0.1608E+01  0.5550E+00
  0.1250E+03 -0.1286E+03 -0.1282E+03 -0.2788E+02 -0.2878E+02 -0.4999E+03 -0.5000E+03 -0.3916E+00  0.9035E+00  0.5892E-01  0.3211E-01  0.9860E+00  0.1608E+01  0.5585E+00
  0.1260E+03 -0.1046E+03 -0.1042E+03 -0.1776E+02 -0.1869E+02 -0.4999E+03 -0.5000E+03 -0.3119E+00  0.9340E+00  0.5892E-01  0.3211E-01  0.9860E+00  0.1608E+01  0.5619E+00
  0.1270E+03 -0.7971E+02 -0.7948E+02 -0.9762E+01 -0.1072E+02 -0.4999E+03 -0.5000E+03 -0.2298E+00  0.9575E+00  0.5892E-01  0.3210E-01  0.9860E+00  0.1608E+01  0.5652E+00
  0.1280E+03 -0.5427E+02 -0.5412E+02 -0.3949E+01 -0.4922E+01 -0.4999E+03 -0.5000E+03 -0.1460E+00  0.9738E+00  0.5892E-01  0.3210E-01  0.9860E+00  0.1608E+01  0.5685E+00
  0.1290E+03 -0.2842E+02 -0.2836E+02 -0.3605E+00 -0.1343E+01 -0.4999E+03 -0.5000E+03 -0.6107E-01  0.9828E+00  0.5892E-01  0.3210E-01  0.9860E+00  0.1608E+01  0.5718E+00
  0.1300E+03 -0.2357E+01 -0.2381E+01  0.9750E+00 -0.9447E-02 -0.4999E+03 -0.5000E+03  0.2429E-01  0.9844E+00  0.5892E-01  0.3210E-01  0.9860E+00  0.1608E+01  0.5750E+00
